<?xml version="1.0" encoding="UTF-8"?>
<testsuite name="com.macbohan.home.springboot.web.HelloControllerTest" tests="2" skipped="0" failures="0" errors="0" timestamp="2020-03-18T09:37:42" hostname="boyui-MacBookPro.local" time="0.301">
  <properties/>
  <testcase name="hello가_리턴된다" classname="com.macbohan.home.springboot.web.HelloControllerTest" time="0.226"/>
  <testcase name="helloDto가_리턴된다" classname="com.macbohan.home.springboot.web.HelloControllerTest" time="0.075"/>
  <system-out><![CDATA[18:37:40.061 [Test worker] DEBUG org.springframework.test.context.junit4.SpringJUnit4ClassRunner - SpringJUnit4ClassRunner constructor called with [class com.macbohan.home.springboot.web.HelloControllerTest]
18:37:40.067 [Test worker] DEBUG org.springframework.test.context.BootstrapUtils - Instantiating CacheAwareContextLoaderDelegate from class [org.springframework.test.context.cache.DefaultCacheAwareContextLoaderDelegate]
18:37:40.077 [Test worker] DEBUG org.springframework.test.context.BootstrapUtils - Instantiating BootstrapContext using constructor [public org.springframework.test.context.support.DefaultBootstrapContext(java.lang.Class,org.springframework.test.context.CacheAwareContextLoaderDelegate)]
18:37:40.101 [Test worker] DEBUG org.springframework.test.context.BootstrapUtils - Instantiating TestContextBootstrapper for test class [com.macbohan.home.springboot.web.HelloControllerTest] from class [org.springframework.boot.test.autoconfigure.web.servlet.WebMvcTestContextBootstrapper]
18:37:40.125 [Test worker] INFO org.springframework.boot.test.autoconfigure.web.servlet.WebMvcTestContextBootstrapper - Neither @ContextConfiguration nor @ContextHierarchy found for test class [com.macbohan.home.springboot.web.HelloControllerTest], using SpringBootContextLoader
18:37:40.128 [Test worker] DEBUG org.springframework.test.context.support.AbstractContextLoader - Did not detect default resource location for test class [com.macbohan.home.springboot.web.HelloControllerTest]: class path resource [com/macbohan/home/springboot/web/HelloControllerTest-context.xml] does not exist
18:37:40.129 [Test worker] DEBUG org.springframework.test.context.support.AbstractContextLoader - Did not detect default resource location for test class [com.macbohan.home.springboot.web.HelloControllerTest]: class path resource [com/macbohan/home/springboot/web/HelloControllerTestContext.groovy] does not exist
18:37:40.129 [Test worker] INFO org.springframework.test.context.support.AbstractContextLoader - Could not detect default resource locations for test class [com.macbohan.home.springboot.web.HelloControllerTest]: no resource found for suffixes {-context.xml, Context.groovy}.
18:37:40.130 [Test worker] INFO org.springframework.test.context.support.AnnotationConfigContextLoaderUtils - Could not detect default configuration classes for test class [com.macbohan.home.springboot.web.HelloControllerTest]: HelloControllerTest does not declare any static, non-private, non-final, nested classes annotated with @Configuration.
18:37:40.198 [Test worker] DEBUG org.springframework.test.context.support.ActiveProfilesUtils - Could not find an 'annotation declaring class' for annotation type [org.springframework.test.context.ActiveProfiles] and class [com.macbohan.home.springboot.web.HelloControllerTest]
18:37:40.272 [Test worker] DEBUG org.springframework.context.annotation.ClassPathScanningCandidateComponentProvider - Identified candidate component class: file [/Users/MACBOHAN/Documents/elevatingcodingclub/freelec-springboot2-webservice/build/classes/java/main/com/macbohan/home/springboot/Application.class]
18:37:40.273 [Test worker] INFO org.springframework.boot.test.context.SpringBootTestContextBootstrapper - Found @SpringBootConfiguration com.macbohan.home.springboot.Application for test class com.macbohan.home.springboot.web.HelloControllerTest
18:37:40.275 [Test worker] DEBUG org.springframework.boot.test.autoconfigure.web.servlet.WebMvcTestContextBootstrapper - @TestExecutionListeners is not present for class [com.macbohan.home.springboot.web.HelloControllerTest]: using defaults.
18:37:40.276 [Test worker] INFO org.springframework.boot.test.autoconfigure.web.servlet.WebMvcTestContextBootstrapper - Loaded default TestExecutionListener class names from location [META-INF/spring.factories]: [org.springframework.security.test.context.support.WithSecurityContextTestExecutionListener, org.springframework.security.test.context.support.ReactorContextTestExecutionListener, org.springframework.boot.test.autoconfigure.restdocs.RestDocsTestExecutionListener, org.springframework.boot.test.autoconfigure.web.client.MockRestServiceServerResetTestExecutionListener, org.springframework.boot.test.autoconfigure.web.servlet.MockMvcPrintOnlyOnFailureTestExecutionListener, org.springframework.boot.test.autoconfigure.web.servlet.WebDriverTestExecutionListener, org.springframework.boot.test.mock.mockito.MockitoTestExecutionListener, org.springframework.boot.test.mock.mockito.ResetMocksTestExecutionListener, org.springframework.test.context.web.ServletTestExecutionListener, org.springframework.test.context.support.DirtiesContextBeforeModesTestExecutionListener, org.springframework.test.context.support.DependencyInjectionTestExecutionListener, org.springframework.test.context.support.DirtiesContextTestExecutionListener, org.springframework.test.context.transaction.TransactionalTestExecutionListener, org.springframework.test.context.jdbc.SqlScriptsTestExecutionListener]
18:37:40.291 [Test worker] INFO org.springframework.boot.test.autoconfigure.web.servlet.WebMvcTestContextBootstrapper - Using TestExecutionListeners: [org.springframework.test.context.web.ServletTestExecutionListener@4dc6cd41, org.springframework.test.context.support.DirtiesContextBeforeModesTestExecutionListener@6777dffb, org.springframework.boot.test.mock.mockito.MockitoTestExecutionListener@29724683, org.springframework.boot.test.autoconfigure.SpringBootDependencyInjectionTestExecutionListener@39ff3e45, org.springframework.test.context.support.DirtiesContextTestExecutionListener@42a850fe, org.springframework.test.context.transaction.TransactionalTestExecutionListener@1b79c757, org.springframework.test.context.jdbc.SqlScriptsTestExecutionListener@2004cce5, org.springframework.security.test.context.support.WithSecurityContextTestExecutionListener@60c9c3b6, org.springframework.security.test.context.support.ReactorContextTestExecutionListener@606640f1, org.springframework.boot.test.autoconfigure.restdocs.RestDocsTestExecutionListener@357060d5, org.springframework.boot.test.autoconfigure.web.client.MockRestServiceServerResetTestExecutionListener@3395f17a, org.springframework.boot.test.autoconfigure.web.servlet.MockMvcPrintOnlyOnFailureTestExecutionListener@1d6f50cd, org.springframework.boot.test.autoconfigure.web.servlet.WebDriverTestExecutionListener@4fdcfa59, org.springframework.boot.test.mock.mockito.ResetMocksTestExecutionListener@799c5dbf]
18:37:40.293 [Test worker] DEBUG org.springframework.test.annotation.ProfileValueUtils - Retrieved @ProfileValueSourceConfiguration [null] for test class [com.macbohan.home.springboot.web.HelloControllerTest]
18:37:40.293 [Test worker] DEBUG org.springframework.test.annotation.ProfileValueUtils - Retrieved ProfileValueSource type [class org.springframework.test.annotation.SystemProfileValueSource] for class [com.macbohan.home.springboot.web.HelloControllerTest]
18:37:40.293 [Test worker] DEBUG org.springframework.test.annotation.ProfileValueUtils - Retrieved @ProfileValueSourceConfiguration [null] for test class [com.macbohan.home.springboot.web.HelloControllerTest]
18:37:40.294 [Test worker] DEBUG org.springframework.test.annotation.ProfileValueUtils - Retrieved ProfileValueSource type [class org.springframework.test.annotation.SystemProfileValueSource] for class [com.macbohan.home.springboot.web.HelloControllerTest]
18:37:40.297 [Test worker] DEBUG org.springframework.test.context.support.AbstractDirtiesContextTestExecutionListener - Before test class: context [DefaultTestContext@7688772b testClass = HelloControllerTest, testInstance = [null], testMethod = [null], testException = [null], mergedContextConfiguration = [WebMergedContextConfiguration@2bb07832 testClass = HelloControllerTest, locations = '{}', classes = '{class com.macbohan.home.springboot.Application}', contextInitializerClasses = '[]', activeProfiles = '{}', propertySourceLocations = '{}', propertySourceProperties = '{org.springframework.boot.test.autoconfigure.web.servlet.WebMvcTestContextBootstrapper=true}', contextCustomizers = set[org.springframework.boot.test.autoconfigure.OverrideAutoConfigurationContextCustomizerFactory$DisableAutoConfigurationContextCustomizer@5a9b02f5, org.springframework.boot.test.autoconfigure.filter.TypeExcludeFiltersContextCustomizer@78b0c613, org.springframework.boot.test.autoconfigure.properties.PropertyMappingContextCustomizer@923e6257, org.springframework.boot.test.autoconfigure.web.servlet.WebDriverContextCustomizerFactory$Customizer@6a67958e, [ImportsContextCustomizer@576dc44f key = [org.springframework.boot.autoconfigure.cache.CacheAutoConfiguration, org.springframework.boot.autoconfigure.context.MessageSourceAutoConfiguration, org.springframework.boot.autoconfigure.data.web.SpringDataWebAutoConfiguration, org.springframework.boot.autoconfigure.freemarker.FreeMarkerAutoConfiguration, org.springframework.boot.autoconfigure.groovy.template.GroovyTemplateAutoConfiguration, org.springframework.boot.autoconfigure.gson.GsonAutoConfiguration, org.springframework.boot.autoconfigure.hateoas.HypermediaAutoConfiguration, org.springframework.boot.autoconfigure.http.HttpMessageConvertersAutoConfiguration, org.springframework.boot.autoconfigure.jackson.JacksonAutoConfiguration, org.springframework.boot.autoconfigure.jsonb.JsonbAutoConfiguration, org.springframework.boot.autoconfigure.mustache.MustacheAutoConfiguration, org.springframework.boot.autoconfigure.task.TaskExecutionAutoConfiguration, org.springframework.boot.autoconfigure.thymeleaf.ThymeleafAutoConfiguration, org.springframework.boot.autoconfigure.validation.ValidationAutoConfiguration, org.springframework.boot.autoconfigure.web.servlet.error.ErrorMvcAutoConfiguration, org.springframework.boot.autoconfigure.web.servlet.WebMvcAutoConfiguration, org.springframework.boot.test.autoconfigure.web.servlet.MockMvcAutoConfiguration, org.springframework.boot.test.autoconfigure.web.servlet.MockMvcSecurityAutoConfiguration, org.springframework.boot.test.autoconfigure.web.servlet.MockMvcWebClientAutoConfiguration, org.springframework.boot.test.autoconfigure.web.servlet.MockMvcWebDriverAutoConfiguration]], org.springframework.boot.test.context.filter.ExcludeFilterContextCustomizer@61daf94b, org.springframework.boot.test.json.DuplicateJsonObjectContextCustomizerFactory$DuplicateJsonObjectContextCustomizer@3470a59b, org.springframework.boot.test.mock.mockito.MockitoContextCustomizer@0], resourceBasePath = 'src/main/webapp', contextLoader = 'org.springframework.boot.test.context.SpringBootContextLoader', parent = [null]], attributes = map[[empty]]], class annotated with @DirtiesContext [false] with mode [null].
18:37:40.297 [Test worker] DEBUG org.springframework.test.annotation.ProfileValueUtils - Retrieved @ProfileValueSourceConfiguration [null] for test class [com.macbohan.home.springboot.web.HelloControllerTest]
18:37:40.298 [Test worker] DEBUG org.springframework.test.annotation.ProfileValueUtils - Retrieved ProfileValueSource type [class org.springframework.test.annotation.SystemProfileValueSource] for class [com.macbohan.home.springboot.web.HelloControllerTest]
18:37:40.301 [Test worker] DEBUG org.springframework.test.context.support.DependencyInjectionTestExecutionListener - Performing dependency injection for test context [[DefaultTestContext@7688772b testClass = HelloControllerTest, testInstance = com.macbohan.home.springboot.web.HelloControllerTest@62c2e3c3, testMethod = [null], testException = [null], mergedContextConfiguration = [WebMergedContextConfiguration@2bb07832 testClass = HelloControllerTest, locations = '{}', classes = '{class com.macbohan.home.springboot.Application}', contextInitializerClasses = '[]', activeProfiles = '{}', propertySourceLocations = '{}', propertySourceProperties = '{org.springframework.boot.test.autoconfigure.web.servlet.WebMvcTestContextBootstrapper=true}', contextCustomizers = set[org.springframework.boot.test.autoconfigure.OverrideAutoConfigurationContextCustomizerFactory$DisableAutoConfigurationContextCustomizer@5a9b02f5, org.springframework.boot.test.autoconfigure.filter.TypeExcludeFiltersContextCustomizer@78b0c613, org.springframework.boot.test.autoconfigure.properties.PropertyMappingContextCustomizer@923e6257, org.springframework.boot.test.autoconfigure.web.servlet.WebDriverContextCustomizerFactory$Customizer@6a67958e, [ImportsContextCustomizer@576dc44f key = [org.springframework.boot.autoconfigure.cache.CacheAutoConfiguration, org.springframework.boot.autoconfigure.context.MessageSourceAutoConfiguration, org.springframework.boot.autoconfigure.data.web.SpringDataWebAutoConfiguration, org.springframework.boot.autoconfigure.freemarker.FreeMarkerAutoConfiguration, org.springframework.boot.autoconfigure.groovy.template.GroovyTemplateAutoConfiguration, org.springframework.boot.autoconfigure.gson.GsonAutoConfiguration, org.springframework.boot.autoconfigure.hateoas.HypermediaAutoConfiguration, org.springframework.boot.autoconfigure.http.HttpMessageConvertersAutoConfiguration, org.springframework.boot.autoconfigure.jackson.JacksonAutoConfiguration, org.springframework.boot.autoconfigure.jsonb.JsonbAutoConfiguration, org.springframework.boot.autoconfigure.mustache.MustacheAutoConfiguration, org.springframework.boot.autoconfigure.task.TaskExecutionAutoConfiguration, org.springframework.boot.autoconfigure.thymeleaf.ThymeleafAutoConfiguration, org.springframework.boot.autoconfigure.validation.ValidationAutoConfiguration, org.springframework.boot.autoconfigure.web.servlet.error.ErrorMvcAutoConfiguration, org.springframework.boot.autoconfigure.web.servlet.WebMvcAutoConfiguration, org.springframework.boot.test.autoconfigure.web.servlet.MockMvcAutoConfiguration, org.springframework.boot.test.autoconfigure.web.servlet.MockMvcSecurityAutoConfiguration, org.springframework.boot.test.autoconfigure.web.servlet.MockMvcWebClientAutoConfiguration, org.springframework.boot.test.autoconfigure.web.servlet.MockMvcWebDriverAutoConfiguration]], org.springframework.boot.test.context.filter.ExcludeFilterContextCustomizer@61daf94b, org.springframework.boot.test.json.DuplicateJsonObjectContextCustomizerFactory$DuplicateJsonObjectContextCustomizer@3470a59b, org.springframework.boot.test.mock.mockito.MockitoContextCustomizer@0], resourceBasePath = 'src/main/webapp', contextLoader = 'org.springframework.boot.test.context.SpringBootContextLoader', parent = [null]], attributes = map[[empty]]]].
18:37:40.384 [Test worker] DEBUG org.springframework.test.context.support.TestPropertySourceUtils - Adding inlined properties to environment: {spring.jmx.enabled=false, org.springframework.boot.test.autoconfigure.web.servlet.WebMvcTestContextBootstrapper=true, server.port=-1}

  .   ____          _            __ _ _
 /\\ / ___'_ __ _ _(_)_ __  __ _ \ \ \ \
( ( )\___ | '_ | '_| | '_ \/ _` | \ \ \ \
 \\/  ___)| |_)| | | | | || (_| |  ) ) ) )
  '  |____| .__|_| |_|_| |_\__, | / / / /
 =========|_|==============|___/=/_/_/_/
 :: Spring Boot ::        (v2.1.7.RELEASE)

2020-03-18 18:37:40.572  INFO 5708 --- [    Test worker] c.m.h.s.web.HelloControllerTest          : Starting HelloControllerTest on boyui-MacBookPro.local with PID 5708 (started by boy. in /Users/MACBOHAN/Documents/elevatingcodingclub/freelec-springboot2-webservice)
2020-03-18 18:37:40.573  INFO 5708 --- [    Test worker] c.m.h.s.web.HelloControllerTest          : The following profiles are active: oauth
2020-03-18 18:37:41.618  INFO 5708 --- [    Test worker] o.s.s.concurrent.ThreadPoolTaskExecutor  : Initializing ExecutorService 'applicationTaskExecutor'
2020-03-18 18:37:41.684  INFO 5708 --- [    Test worker] o.s.b.a.w.s.WelcomePageHandlerMapping    : Adding welcome page template: index
2020-03-18 18:37:41.934  INFO 5708 --- [    Test worker] .s.s.UserDetailsServiceAutoConfiguration : 

Using generated security password: b9326305-d655-44e5-8ccc-9ee5ee524565

2020-03-18 18:37:42.069  INFO 5708 --- [    Test worker] o.s.s.web.DefaultSecurityFilterChain     : Creating filter chain: any request, [org.springframework.security.web.context.request.async.WebAsyncManagerIntegrationFilter@79fd0b6b, org.springframework.security.web.context.SecurityContextPersistenceFilter@489ebf11, org.springframework.security.web.header.HeaderWriterFilter@2533da63, org.springframework.security.web.csrf.CsrfFilter@6a6359c2, org.springframework.security.web.authentication.logout.LogoutFilter@868f3b6, org.springframework.security.web.authentication.UsernamePasswordAuthenticationFilter@2d8fb608, org.springframework.security.web.authentication.ui.DefaultLoginPageGeneratingFilter@6dd6d4ac, org.springframework.security.web.authentication.ui.DefaultLogoutPageGeneratingFilter@2937cd08, org.springframework.security.web.authentication.www.BasicAuthenticationFilter@3c343aa4, org.springframework.security.web.savedrequest.RequestCacheAwareFilter@5c56f2b3, org.springframework.security.web.servletapi.SecurityContextHolderAwareRequestFilter@3bcad2aa, org.springframework.security.web.authentication.AnonymousAuthenticationFilter@59b77abc, org.springframework.security.web.session.SessionManagementFilter@728aab8a, org.springframework.security.web.access.ExceptionTranslationFilter@14f0956, org.springframework.security.web.access.intercept.FilterSecurityInterceptor@409dd6b4]
2020-03-18 18:37:42.106  INFO 5708 --- [    Test worker] o.s.b.t.m.w.SpringBootMockServletContext : Initializing Spring TestDispatcherServlet ''
2020-03-18 18:37:42.106  INFO 5708 --- [    Test worker] o.s.t.web.servlet.TestDispatcherServlet  : Initializing Servlet ''
2020-03-18 18:37:42.117  INFO 5708 --- [    Test worker] o.s.t.web.servlet.TestDispatcherServlet  : Completed initialization in 11 ms
2020-03-18 18:37:42.151  INFO 5708 --- [    Test worker] c.m.h.s.web.HelloControllerTest          : Started HelloControllerTest in 1.758 seconds (JVM running for 2.665)
]]></system-out>
  <system-err><![CDATA[]]></system-err>
</testsuite>
