<?xml version="1.0" encoding="UTF-8"?>
<testsuite name="com.macbohan.home.springboot.web.IndexControllerTest" tests="1" skipped="0" failures="0" errors="0" timestamp="2020-03-18T09:37:45" hostname="boyui-MacBookPro.local" time="0.18">
  <properties/>
  <testcase name="메인페이지_로딩" classname="com.macbohan.home.springboot.web.IndexControllerTest" time="0.18"/>
  <system-out><![CDATA[2020-03-18 18:37:42.462  INFO 5708 --- [    Test worker] .b.t.c.SpringBootTestContextBootstrapper : Neither @ContextConfiguration nor @ContextHierarchy found for test class [com.macbohan.home.springboot.web.IndexControllerTest], using SpringBootContextLoader
2020-03-18 18:37:42.464  INFO 5708 --- [    Test worker] o.s.t.c.support.AbstractContextLoader    : Could not detect default resource locations for test class [com.macbohan.home.springboot.web.IndexControllerTest]: no resource found for suffixes {-context.xml, Context.groovy}.
2020-03-18 18:37:42.464  INFO 5708 --- [    Test worker] t.c.s.AnnotationConfigContextLoaderUtils : Could not detect default configuration classes for test class [com.macbohan.home.springboot.web.IndexControllerTest]: IndexControllerTest does not declare any static, non-private, non-final, nested classes annotated with @Configuration.
2020-03-18 18:37:42.467  INFO 5708 --- [    Test worker] .b.t.c.SpringBootTestContextBootstrapper : Found @SpringBootConfiguration com.macbohan.home.springboot.Application for test class com.macbohan.home.springboot.web.IndexControllerTest
2020-03-18 18:37:42.469  INFO 5708 --- [    Test worker] .b.t.c.SpringBootTestContextBootstrapper : Loaded default TestExecutionListener class names from location [META-INF/spring.factories]: [org.springframework.security.test.context.support.WithSecurityContextTestExecutionListener, org.springframework.security.test.context.support.ReactorContextTestExecutionListener, org.springframework.boot.test.autoconfigure.restdocs.RestDocsTestExecutionListener, org.springframework.boot.test.autoconfigure.web.client.MockRestServiceServerResetTestExecutionListener, org.springframework.boot.test.autoconfigure.web.servlet.MockMvcPrintOnlyOnFailureTestExecutionListener, org.springframework.boot.test.autoconfigure.web.servlet.WebDriverTestExecutionListener, org.springframework.boot.test.mock.mockito.MockitoTestExecutionListener, org.springframework.boot.test.mock.mockito.ResetMocksTestExecutionListener, org.springframework.test.context.web.ServletTestExecutionListener, org.springframework.test.context.support.DirtiesContextBeforeModesTestExecutionListener, org.springframework.test.context.support.DependencyInjectionTestExecutionListener, org.springframework.test.context.support.DirtiesContextTestExecutionListener, org.springframework.test.context.transaction.TransactionalTestExecutionListener, org.springframework.test.context.jdbc.SqlScriptsTestExecutionListener]
2020-03-18 18:37:42.469  INFO 5708 --- [    Test worker] .b.t.c.SpringBootTestContextBootstrapper : Using TestExecutionListeners: [org.springframework.test.context.web.ServletTestExecutionListener@2d986cfd, org.springframework.test.context.support.DirtiesContextBeforeModesTestExecutionListener@5e38ebb4, org.springframework.boot.test.mock.mockito.MockitoTestExecutionListener@52f189f8, org.springframework.boot.test.autoconfigure.SpringBootDependencyInjectionTestExecutionListener@724dd391, org.springframework.test.context.support.DirtiesContextTestExecutionListener@1cdca6a1, org.springframework.test.context.transaction.TransactionalTestExecutionListener@5208bc5, org.springframework.test.context.jdbc.SqlScriptsTestExecutionListener@5bc06cd0, org.springframework.security.test.context.support.WithSecurityContextTestExecutionListener@470dfd62, org.springframework.security.test.context.support.ReactorContextTestExecutionListener@3e1da28c, org.springframework.boot.test.autoconfigure.restdocs.RestDocsTestExecutionListener@3fe27829, org.springframework.boot.test.autoconfigure.web.client.MockRestServiceServerResetTestExecutionListener@679c25e9, org.springframework.boot.test.autoconfigure.web.servlet.MockMvcPrintOnlyOnFailureTestExecutionListener@4fd22295, org.springframework.boot.test.autoconfigure.web.servlet.WebDriverTestExecutionListener@1c08f021, org.springframework.boot.test.mock.mockito.ResetMocksTestExecutionListener@3087e0b9]

  .   ____          _            __ _ _
 /\\ / ___'_ __ _ _(_)_ __  __ _ \ \ \ \
( ( )\___ | '_ | '_| | '_ \/ _` | \ \ \ \
 \\/  ___)| |_)| | | | | || (_| |  ) ) ) )
  '  |____| .__|_| |_|_| |_\__, | / / / /
 =========|_|==============|___/=/_/_/_/
 :: Spring Boot ::        (v2.1.7.RELEASE)

2020-03-18 18:37:42.511  INFO 5708 --- [    Test worker] c.m.h.s.web.IndexControllerTest          : Starting IndexControllerTest on boyui-MacBookPro.local with PID 5708 (started by boy. in /Users/MACBOHAN/Documents/elevatingcodingclub/freelec-springboot2-webservice)
2020-03-18 18:37:42.512  INFO 5708 --- [    Test worker] c.m.h.s.web.IndexControllerTest          : The following profiles are active: oauth
2020-03-18 18:37:42.748  INFO 5708 --- [    Test worker] .s.d.r.c.RepositoryConfigurationDelegate : Bootstrapping Spring Data repositories in DEFAULT mode.
2020-03-18 18:37:42.804  INFO 5708 --- [    Test worker] .s.d.r.c.RepositoryConfigurationDelegate : Finished Spring Data repository scanning in 50ms. Found 2 repository interfaces.
2020-03-18 18:37:43.000  INFO 5708 --- [    Test worker] trationDelegate$BeanPostProcessorChecker : Bean 'org.springframework.transaction.annotation.ProxyTransactionManagementConfiguration' of type [org.springframework.transaction.annotation.ProxyTransactionManagementConfiguration$$EnhancerBySpringCGLIB$$af1e28a4] is not eligible for getting processed by all BeanPostProcessors (for example: not eligible for auto-proxying)
2020-03-18 18:37:43.224  INFO 5708 --- [    Test worker] o.s.b.w.embedded.tomcat.TomcatWebServer  : Tomcat initialized with port(s): 0 (http)
2020-03-18 18:37:43.244  INFO 5708 --- [    Test worker] o.apache.catalina.core.StandardService   : Starting service [Tomcat]
2020-03-18 18:37:43.245  INFO 5708 --- [    Test worker] org.apache.catalina.core.StandardEngine  : Starting Servlet engine: [Apache Tomcat/9.0.22]
2020-03-18 18:37:43.329  INFO 5708 --- [    Test worker] o.a.c.c.C.[Tomcat].[localhost].[/]       : Initializing Spring embedded WebApplicationContext
2020-03-18 18:37:43.330  INFO 5708 --- [    Test worker] o.s.web.context.ContextLoader            : Root WebApplicationContext: initialization completed in 814 ms
2020-03-18 18:37:43.510  INFO 5708 --- [    Test worker] com.zaxxer.hikari.HikariDataSource       : HikariPool-1 - Starting...
2020-03-18 18:37:43.648  INFO 5708 --- [    Test worker] com.zaxxer.hikari.HikariDataSource       : HikariPool-1 - Start completed.
2020-03-18 18:37:43.724  INFO 5708 --- [    Test worker] o.hibernate.jpa.internal.util.LogHelper  : HHH000204: Processing PersistenceUnitInfo [
	name: default
	...]
2020-03-18 18:37:43.781  INFO 5708 --- [    Test worker] org.hibernate.Version                    : HHH000412: Hibernate Core {5.3.10.Final}
2020-03-18 18:37:43.782  INFO 5708 --- [    Test worker] org.hibernate.cfg.Environment            : HHH000206: hibernate.properties not found
2020-03-18 18:37:43.832  INFO 5708 --- [    Test worker] o.hibernate.annotations.common.Version   : HCANN000001: Hibernate Commons Annotations {5.0.4.Final}
2020-03-18 18:37:43.961  INFO 5708 --- [    Test worker] org.hibernate.dialect.Dialect            : HHH000400: Using dialect: org.hibernate.dialect.MySQL5InnoDBDialect
Hibernate: drop table if exists posts
Hibernate: drop table if exists user
Hibernate: create table posts (id bigint not null auto_increment, created_date datetime, modified_date datetime, author varchar(255), content TEXT not null, title varchar(500) not null, primary key (id)) engine=InnoDB
Hibernate: create table user (id bigint not null auto_increment, email varchar(255) not null, name varchar(255) not null, picture varchar(255), role varchar(255) not null, primary key (id)) engine=InnoDB
2020-03-18 18:37:44.635  INFO 5708 --- [    Test worker] o.h.t.schema.internal.SchemaCreatorImpl  : HHH000476: Executing import script 'org.hibernate.tool.schema.internal.exec.ScriptSourceInputNonExistentImpl@5a0b25eb'
2020-03-18 18:37:44.637  INFO 5708 --- [    Test worker] j.LocalContainerEntityManagerFactoryBean : Initialized JPA EntityManagerFactory for persistence unit 'default'
2020-03-18 18:37:45.160  INFO 5708 --- [    Test worker] o.h.h.i.QueryTranslatorFactoryInitiator  : HHH000397: Using ASTQueryTranslatorFactory
2020-03-18 18:37:45.380  INFO 5708 --- [    Test worker] o.s.s.web.DefaultSecurityFilterChain     : Creating filter chain: any request, [org.springframework.security.web.context.request.async.WebAsyncManagerIntegrationFilter@54f0de2, org.springframework.security.web.context.SecurityContextPersistenceFilter@bf3792c, org.springframework.security.web.header.HeaderWriterFilter@1dad1da7, org.springframework.security.web.authentication.logout.LogoutFilter@169f8f7, org.springframework.security.oauth2.client.web.OAuth2AuthorizationRequestRedirectFilter@225cb48, org.springframework.security.oauth2.client.web.OAuth2LoginAuthenticationFilter@368af439, org.springframework.security.web.authentication.ui.DefaultLoginPageGeneratingFilter@11c3d9fa, org.springframework.security.web.authentication.ui.DefaultLogoutPageGeneratingFilter@3a91b8cf, org.springframework.security.web.savedrequest.RequestCacheAwareFilter@f30b689, org.springframework.security.web.servletapi.SecurityContextHolderAwareRequestFilter@7a05c2ed, org.springframework.security.web.authentication.AnonymousAuthenticationFilter@5b5ba898, org.springframework.security.web.session.SessionManagementFilter@5de6d97e, org.springframework.security.web.access.ExceptionTranslationFilter@6c8d1952, org.springframework.security.web.access.intercept.FilterSecurityInterceptor@3a5b16a7]
2020-03-18 18:37:45.532  INFO 5708 --- [    Test worker] o.s.s.concurrent.ThreadPoolTaskExecutor  : Initializing ExecutorService 'applicationTaskExecutor'
2020-03-18 18:37:45.551  WARN 5708 --- [    Test worker] aWebConfiguration$JpaWebMvcConfiguration : spring.jpa.open-in-view is enabled by default. Therefore, database queries may be performed during view rendering. Explicitly configure spring.jpa.open-in-view to disable this warning
2020-03-18 18:37:45.581  INFO 5708 --- [    Test worker] o.s.b.a.w.s.WelcomePageHandlerMapping    : Adding welcome page template: index
2020-03-18 18:37:45.805  INFO 5708 --- [    Test worker] s.a.ScheduledAnnotationBeanPostProcessor : No TaskScheduler/ScheduledExecutorService bean found for scheduled processing
2020-03-18 18:37:45.826  INFO 5708 --- [    Test worker] o.s.b.w.embedded.tomcat.TomcatWebServer  : Tomcat started on port(s): 58594 (http) with context path ''
2020-03-18 18:37:45.827  INFO 5708 --- [    Test worker] c.m.h.s.web.IndexControllerTest          : Started IndexControllerTest in 3.356 seconds (JVM running for 6.341)
2020-03-18 18:37:45.896  INFO 5708 --- [o-auto-1-exec-1] o.a.c.c.C.[Tomcat].[localhost].[/]       : Initializing Spring DispatcherServlet 'dispatcherServlet'
2020-03-18 18:37:45.896  INFO 5708 --- [o-auto-1-exec-1] o.s.web.servlet.DispatcherServlet        : Initializing Servlet 'dispatcherServlet'
2020-03-18 18:37:45.908  INFO 5708 --- [o-auto-1-exec-1] o.s.web.servlet.DispatcherServlet        : Completed initialization in 12 ms
Hibernate: select posts0_.id as id1_0_, posts0_.created_date as created_2_0_, posts0_.modified_date as modified3_0_, posts0_.author as author4_0_, posts0_.content as content5_0_, posts0_.title as title6_0_ from posts posts0_ order by posts0_.id DESC
]]></system-out>
  <system-err><![CDATA[]]></system-err>
</testsuite>
