<?xml version="1.0" encoding="UTF-8"?>
<testsuite name="com.macbohan.home.springboot.web.PostsApiControllerTest" tests="1" skipped="0" failures="0" errors="0" timestamp="2020-03-18T09:37:46" hostname="boyui-MacBookPro.local" time="0.18">
  <properties/>
  <testcase name="Posts_등록된다" classname="com.macbohan.home.springboot.web.PostsApiControllerTest" time="0.18"/>
  <system-out><![CDATA[2020-03-18 18:37:46.015  INFO 5708 --- [    Test worker] .b.t.c.SpringBootTestContextBootstrapper : Neither @ContextConfiguration nor @ContextHierarchy found for test class [com.macbohan.home.springboot.web.PostsApiControllerTest], using SpringBootContextLoader
2020-03-18 18:37:46.015  INFO 5708 --- [    Test worker] o.s.t.c.support.AbstractContextLoader    : Could not detect default resource locations for test class [com.macbohan.home.springboot.web.PostsApiControllerTest]: no resource found for suffixes {-context.xml, Context.groovy}.
2020-03-18 18:37:46.015  INFO 5708 --- [    Test worker] t.c.s.AnnotationConfigContextLoaderUtils : Could not detect default configuration classes for test class [com.macbohan.home.springboot.web.PostsApiControllerTest]: PostsApiControllerTest does not declare any static, non-private, non-final, nested classes annotated with @Configuration.
2020-03-18 18:37:46.017  INFO 5708 --- [    Test worker] .b.t.c.SpringBootTestContextBootstrapper : Found @SpringBootConfiguration com.macbohan.home.springboot.Application for test class com.macbohan.home.springboot.web.PostsApiControllerTest
2020-03-18 18:37:46.017  INFO 5708 --- [    Test worker] .b.t.c.SpringBootTestContextBootstrapper : Loaded default TestExecutionListener class names from location [META-INF/spring.factories]: [org.springframework.security.test.context.support.WithSecurityContextTestExecutionListener, org.springframework.security.test.context.support.ReactorContextTestExecutionListener, org.springframework.boot.test.autoconfigure.restdocs.RestDocsTestExecutionListener, org.springframework.boot.test.autoconfigure.web.client.MockRestServiceServerResetTestExecutionListener, org.springframework.boot.test.autoconfigure.web.servlet.MockMvcPrintOnlyOnFailureTestExecutionListener, org.springframework.boot.test.autoconfigure.web.servlet.WebDriverTestExecutionListener, org.springframework.boot.test.mock.mockito.MockitoTestExecutionListener, org.springframework.boot.test.mock.mockito.ResetMocksTestExecutionListener, org.springframework.test.context.web.ServletTestExecutionListener, org.springframework.test.context.support.DirtiesContextBeforeModesTestExecutionListener, org.springframework.test.context.support.DependencyInjectionTestExecutionListener, org.springframework.test.context.support.DirtiesContextTestExecutionListener, org.springframework.test.context.transaction.TransactionalTestExecutionListener, org.springframework.test.context.jdbc.SqlScriptsTestExecutionListener]
2020-03-18 18:37:46.018  INFO 5708 --- [    Test worker] .b.t.c.SpringBootTestContextBootstrapper : Using TestExecutionListeners: [org.springframework.test.context.web.ServletTestExecutionListener@47227f45, org.springframework.test.context.support.DirtiesContextBeforeModesTestExecutionListener@9b620ae, org.springframework.boot.test.mock.mockito.MockitoTestExecutionListener@72bfc2ac, org.springframework.boot.test.autoconfigure.SpringBootDependencyInjectionTestExecutionListener@3dcc8e8a, org.springframework.test.context.support.DirtiesContextTestExecutionListener@69c00621, org.springframework.test.context.transaction.TransactionalTestExecutionListener@51cbf8e7, org.springframework.test.context.jdbc.SqlScriptsTestExecutionListener@5d6dfad0, org.springframework.security.test.context.support.WithSecurityContextTestExecutionListener@48c9729, org.springframework.security.test.context.support.ReactorContextTestExecutionListener@6d946897, org.springframework.boot.test.autoconfigure.restdocs.RestDocsTestExecutionListener@6396b902, org.springframework.boot.test.autoconfigure.web.client.MockRestServiceServerResetTestExecutionListener@511f64da, org.springframework.boot.test.autoconfigure.web.servlet.MockMvcPrintOnlyOnFailureTestExecutionListener@314a940f, org.springframework.boot.test.autoconfigure.web.servlet.WebDriverTestExecutionListener@7fd48261, org.springframework.boot.test.mock.mockito.ResetMocksTestExecutionListener@29dc6a30]
2020-03-18 18:37:46.027  INFO 5708 --- [    Test worker] o.a.c.c.C.[Tomcat].[localhost].[/]       : Initializing Spring TestDispatcherServlet ''
2020-03-18 18:37:46.027  INFO 5708 --- [    Test worker] o.s.t.web.servlet.TestDispatcherServlet  : Initializing Servlet ''
2020-03-18 18:37:46.029  INFO 5708 --- [    Test worker] o.s.t.web.servlet.TestDispatcherServlet  : Completed initialization in 2 ms
PORT ========== 58594
URL ===================== + http://localhost:58594/api/v1/posts/
Hibernate: insert into posts (created_date, modified_date, author, content, title) values (?, ?, ?, ?, ?)
Hibernate: select posts0_.id as id1_0_, posts0_.created_date as created_2_0_, posts0_.modified_date as modified3_0_, posts0_.author as author4_0_, posts0_.content as content5_0_, posts0_.title as title6_0_ from posts posts0_
Hibernate: select posts0_.id as id1_0_, posts0_.created_date as created_2_0_, posts0_.modified_date as modified3_0_, posts0_.author as author4_0_, posts0_.content as content5_0_, posts0_.title as title6_0_ from posts posts0_
Hibernate: delete from posts where id=?
]]></system-out>
  <system-err><![CDATA[]]></system-err>
</testsuite>
