<?xml version="1.0" encoding="UTF-8"?>
<testsuite name="com.macbohan.home.springboot.domain.posts.PostsRepositoryTest" tests="1" skipped="0" failures="0" errors="0" timestamp="2020-03-18T09:37:47" hostname="boyui-MacBookPro.local" time="0.012">
  <properties/>
  <testcase name="게시글저장_불러오기" classname="com.macbohan.home.springboot.domain.posts.PostsRepositoryTest" time="0.012"/>
  <system-out><![CDATA[2020-03-18 18:37:46.203  INFO 5708 --- [    Test worker] .b.t.c.SpringBootTestContextBootstrapper : Neither @ContextConfiguration nor @ContextHierarchy found for test class [com.macbohan.home.springboot.domain.posts.PostsRepositoryTest], using SpringBootContextLoader
2020-03-18 18:37:46.204  INFO 5708 --- [    Test worker] o.s.t.c.support.AbstractContextLoader    : Could not detect default resource locations for test class [com.macbohan.home.springboot.domain.posts.PostsRepositoryTest]: no resource found for suffixes {-context.xml, Context.groovy}.
2020-03-18 18:37:46.204  INFO 5708 --- [    Test worker] t.c.s.AnnotationConfigContextLoaderUtils : Could not detect default configuration classes for test class [com.macbohan.home.springboot.domain.posts.PostsRepositoryTest]: PostsRepositoryTest does not declare any static, non-private, non-final, nested classes annotated with @Configuration.
2020-03-18 18:37:46.211  INFO 5708 --- [    Test worker] .b.t.c.SpringBootTestContextBootstrapper : Found @SpringBootConfiguration com.macbohan.home.springboot.Application for test class com.macbohan.home.springboot.domain.posts.PostsRepositoryTest
2020-03-18 18:37:46.212  INFO 5708 --- [    Test worker] .b.t.c.SpringBootTestContextBootstrapper : Loaded default TestExecutionListener class names from location [META-INF/spring.factories]: [org.springframework.security.test.context.support.WithSecurityContextTestExecutionListener, org.springframework.security.test.context.support.ReactorContextTestExecutionListener, org.springframework.boot.test.autoconfigure.restdocs.RestDocsTestExecutionListener, org.springframework.boot.test.autoconfigure.web.client.MockRestServiceServerResetTestExecutionListener, org.springframework.boot.test.autoconfigure.web.servlet.MockMvcPrintOnlyOnFailureTestExecutionListener, org.springframework.boot.test.autoconfigure.web.servlet.WebDriverTestExecutionListener, org.springframework.boot.test.mock.mockito.MockitoTestExecutionListener, org.springframework.boot.test.mock.mockito.ResetMocksTestExecutionListener, org.springframework.test.context.web.ServletTestExecutionListener, org.springframework.test.context.support.DirtiesContextBeforeModesTestExecutionListener, org.springframework.test.context.support.DependencyInjectionTestExecutionListener, org.springframework.test.context.support.DirtiesContextTestExecutionListener, org.springframework.test.context.transaction.TransactionalTestExecutionListener, org.springframework.test.context.jdbc.SqlScriptsTestExecutionListener]
2020-03-18 18:37:46.213  INFO 5708 --- [    Test worker] .b.t.c.SpringBootTestContextBootstrapper : Using TestExecutionListeners: [org.springframework.test.context.web.ServletTestExecutionListener@4cee15e1, org.springframework.test.context.support.DirtiesContextBeforeModesTestExecutionListener@3338339e, org.springframework.boot.test.mock.mockito.MockitoTestExecutionListener@73d4001e, org.springframework.boot.test.autoconfigure.SpringBootDependencyInjectionTestExecutionListener@27c4f799, org.springframework.test.context.support.DirtiesContextTestExecutionListener@1bb9af9d, org.springframework.test.context.transaction.TransactionalTestExecutionListener@69efcbb7, org.springframework.test.context.jdbc.SqlScriptsTestExecutionListener@3ae8f264, org.springframework.security.test.context.support.WithSecurityContextTestExecutionListener@3a90b29f, org.springframework.security.test.context.support.ReactorContextTestExecutionListener@6c833717, org.springframework.boot.test.autoconfigure.restdocs.RestDocsTestExecutionListener@7ba6eb43, org.springframework.boot.test.autoconfigure.web.client.MockRestServiceServerResetTestExecutionListener@6a04d81, org.springframework.boot.test.autoconfigure.web.servlet.MockMvcPrintOnlyOnFailureTestExecutionListener@391b0380, org.springframework.boot.test.autoconfigure.web.servlet.WebDriverTestExecutionListener@4cd5a03b, org.springframework.boot.test.mock.mockito.ResetMocksTestExecutionListener@65a611]

  .   ____          _            __ _ _
 /\\ / ___'_ __ _ _(_)_ __  __ _ \ \ \ \
( ( )\___ | '_ | '_| | '_ \/ _` | \ \ \ \
 \\/  ___)| |_)| | | | | || (_| |  ) ) ) )
  '  |____| .__|_| |_|_| |_\__, | / / / /
 =========|_|==============|___/=/_/_/_/
 :: Spring Boot ::        (v2.1.7.RELEASE)

2020-03-18 18:37:46.245  INFO 5708 --- [    Test worker] c.m.h.s.d.posts.PostsRepositoryTest      : Starting PostsRepositoryTest on boyui-MacBookPro.local with PID 5708 (started by boy. in /Users/MACBOHAN/Documents/elevatingcodingclub/freelec-springboot2-webservice)
2020-03-18 18:37:46.245  INFO 5708 --- [    Test worker] c.m.h.s.d.posts.PostsRepositoryTest      : The following profiles are active: oauth
2020-03-18 18:37:46.384  INFO 5708 --- [    Test worker] .s.d.r.c.RepositoryConfigurationDelegate : Bootstrapping Spring Data repositories in DEFAULT mode.
2020-03-18 18:37:46.398  INFO 5708 --- [    Test worker] .s.d.r.c.RepositoryConfigurationDelegate : Finished Spring Data repository scanning in 14ms. Found 2 repository interfaces.
2020-03-18 18:37:46.474  INFO 5708 --- [    Test worker] trationDelegate$BeanPostProcessorChecker : Bean 'org.springframework.transaction.annotation.ProxyTransactionManagementConfiguration' of type [org.springframework.transaction.annotation.ProxyTransactionManagementConfiguration$$EnhancerBySpringCGLIB$$af1e28a4] is not eligible for getting processed by all BeanPostProcessors (for example: not eligible for auto-proxying)
2020-03-18 18:37:46.535  INFO 5708 --- [    Test worker] com.zaxxer.hikari.HikariDataSource       : HikariPool-2 - Starting...
2020-03-18 18:37:46.536  INFO 5708 --- [    Test worker] com.zaxxer.hikari.HikariDataSource       : HikariPool-2 - Start completed.
2020-03-18 18:37:46.550  INFO 5708 --- [    Test worker] o.hibernate.jpa.internal.util.LogHelper  : HHH000204: Processing PersistenceUnitInfo [
	name: default
	...]
2020-03-18 18:37:46.554  INFO 5708 --- [    Test worker] org.hibernate.dialect.Dialect            : HHH000400: Using dialect: org.hibernate.dialect.MySQL5InnoDBDialect
Hibernate: drop table if exists posts
Hibernate: drop table if exists user
Hibernate: create table posts (id bigint not null auto_increment, created_date datetime, modified_date datetime, author varchar(255), content TEXT not null, title varchar(500) not null, primary key (id)) engine=InnoDB
Hibernate: create table user (id bigint not null auto_increment, email varchar(255) not null, name varchar(255) not null, picture varchar(255), role varchar(255) not null, primary key (id)) engine=InnoDB
2020-03-18 18:37:46.583  INFO 5708 --- [    Test worker] o.h.t.schema.internal.SchemaCreatorImpl  : HHH000476: Executing import script 'org.hibernate.tool.schema.internal.exec.ScriptSourceInputNonExistentImpl@5a0b25eb'
2020-03-18 18:37:46.583  INFO 5708 --- [    Test worker] j.LocalContainerEntityManagerFactoryBean : Initialized JPA EntityManagerFactory for persistence unit 'default'
2020-03-18 18:37:46.704  INFO 5708 --- [    Test worker] o.h.h.i.QueryTranslatorFactoryInitiator  : HHH000397: Using ASTQueryTranslatorFactory
2020-03-18 18:37:46.802  INFO 5708 --- [    Test worker] o.s.s.web.DefaultSecurityFilterChain     : Creating filter chain: any request, [org.springframework.security.web.context.request.async.WebAsyncManagerIntegrationFilter@7efc99c6, org.springframework.security.web.context.SecurityContextPersistenceFilter@446401ec, org.springframework.security.web.header.HeaderWriterFilter@de0adcf, org.springframework.security.web.authentication.logout.LogoutFilter@75fac85b, org.springframework.security.oauth2.client.web.OAuth2AuthorizationRequestRedirectFilter@49fb4a46, org.springframework.security.oauth2.client.web.OAuth2LoginAuthenticationFilter@7cfd5760, org.springframework.security.web.authentication.ui.DefaultLoginPageGeneratingFilter@1175d0f8, org.springframework.security.web.authentication.ui.DefaultLogoutPageGeneratingFilter@29e67c0d, org.springframework.security.web.savedrequest.RequestCacheAwareFilter@64832761, org.springframework.security.web.servletapi.SecurityContextHolderAwareRequestFilter@6c8570eb, org.springframework.security.web.authentication.AnonymousAuthenticationFilter@3a5caa0d, org.springframework.security.web.session.SessionManagementFilter@38c8a8b3, org.springframework.security.web.access.ExceptionTranslationFilter@458cb978, org.springframework.security.web.access.intercept.FilterSecurityInterceptor@76b42f23]
2020-03-18 18:37:46.967  INFO 5708 --- [    Test worker] o.s.s.concurrent.ThreadPoolTaskExecutor  : Initializing ExecutorService 'applicationTaskExecutor'
2020-03-18 18:37:46.974  WARN 5708 --- [    Test worker] aWebConfiguration$JpaWebMvcConfiguration : spring.jpa.open-in-view is enabled by default. Therefore, database queries may be performed during view rendering. Explicitly configure spring.jpa.open-in-view to disable this warning
2020-03-18 18:37:46.991  INFO 5708 --- [    Test worker] o.s.b.a.w.s.WelcomePageHandlerMapping    : Adding welcome page template: index
2020-03-18 18:37:47.180  INFO 5708 --- [    Test worker] s.a.ScheduledAnnotationBeanPostProcessor : No TaskScheduler/ScheduledExecutorService bean found for scheduled processing
2020-03-18 18:37:47.181  INFO 5708 --- [    Test worker] c.m.h.s.d.posts.PostsRepositoryTest      : Started PostsRepositoryTest in 0.966 seconds (JVM running for 7.695)
Hibernate: insert into posts (created_date, modified_date, author, content, title) values (?, ?, ?, ?, ?)
Hibernate: select posts0_.id as id1_0_, posts0_.created_date as created_2_0_, posts0_.modified_date as modified3_0_, posts0_.author as author4_0_, posts0_.content as content5_0_, posts0_.title as title6_0_ from posts posts0_
Hibernate: select posts0_.id as id1_0_, posts0_.created_date as created_2_0_, posts0_.modified_date as modified3_0_, posts0_.author as author4_0_, posts0_.content as content5_0_, posts0_.title as title6_0_ from posts posts0_
Hibernate: delete from posts where id=?
]]></system-out>
  <system-err><![CDATA[]]></system-err>
</testsuite>
